[MainThread, 2020-04-17 04:55:52,425, INFO ] START make_thumbnails
[MainThread, 2020-04-17 04:55:52,429, INFO ] beginning image downloads
[Thread-1, 2020-04-17 04:55:52,434, INFO ] downloading image at URL https://dl.dropboxusercontent.com/s/2fu69d8lfesbhru/pexels-photo-48603.jpeg
[Thread-2, 2020-04-17 04:55:52,436, INFO ] downloading image at URL https://dl.dropboxusercontent.com/s/zch88m6sb8a7bm1/pexels-photo-134392.jpeg
[Thread-3, 2020-04-17 04:55:52,443, INFO ] downloading image at URL https://dl.dropboxusercontent.com/s/lsr6dxw5m2ep5qt/pexels-photo-135130.jpeg
[Thread-4, 2020-04-17 04:55:52,453, INFO ] downloading image at URL https://dl.dropboxusercontent.com/s/6xinfm0lcnbirb9/pexels-photo-167300.jpeg
[Thread-1, 2020-04-17 04:55:54,465, INFO ] image[77069] saved to ./incoming/pexels-photo-48603.jpeg
[Thread-5, 2020-04-17 04:55:54,466, INFO ] downloading image at URL https://dl.dropboxusercontent.com/s/2dp2hli32h9p0y6/pexels-photo-167921.jpeg
[Thread-3, 2020-04-17 04:55:54,595, INFO ] image[114081] saved to ./incoming/pexels-photo-135130.jpeg
[Thread-6, 2020-04-17 04:55:54,596, INFO ] downloading image at URL https://dl.dropboxusercontent.com/s/fjb1m3grcrceqo2/pexels-photo-173125.jpeg
[Thread-2, 2020-04-17 04:55:54,625, INFO ] image[197058] saved to ./incoming/pexels-photo-134392.jpeg
[Thread-7, 2020-04-17 04:55:54,626, INFO ] downloading image at URL https://dl.dropboxusercontent.com/s/56u8p4oplagc4bp/pexels-photo-185934.jpeg
[Thread-4, 2020-04-17 04:55:54,841, INFO ] image[304763] saved to ./incoming/pexels-photo-167300.jpeg
[Thread-8, 2020-04-17 04:55:54,842, INFO ] downloading image at URL https://dl.dropboxusercontent.com/s/2s1x7wz4sdvxssr/pexels-photo-192454.jpeg
[Thread-6, 2020-04-17 04:55:56,290, INFO ] image[125169] saved to ./incoming/pexels-photo-173125.jpeg
[Thread-9, 2020-04-17 04:55:56,291, INFO ] downloading image at URL https://dl.dropboxusercontent.com/s/1gjphqnllzm10hh/pexels-photo-193038.jpeg
[Thread-5, 2020-04-17 04:55:56,381, INFO ] image[275019] saved to ./incoming/pexels-photo-167921.jpeg
[Thread-10, 2020-04-17 04:55:56,382, INFO ] downloading image at URL https://dl.dropboxusercontent.com/s/pcjz40c8pxpy057/pexels-photo-193043.jpeg
[Thread-8, 2020-04-17 04:55:56,862, INFO ] image[186764] saved to ./incoming/pexels-photo-192454.jpeg
[Thread-11, 2020-04-17 04:55:56,863, INFO ] downloading image at URL https://dl.dropboxusercontent.com/s/hokdfk7y8zmwe96/pexels-photo-207962.jpeg
[Thread-7, 2020-04-17 04:55:57,291, INFO ] image[40052] saved to ./incoming/pexels-photo-185934.jpeg
[Thread-12, 2020-04-17 04:55:57,292, INFO ] downloading image at URL https://dl.dropboxusercontent.com/s/k2tk2co7r18juy7/pexels-photo-247917.jpeg
[Thread-9, 2020-04-17 04:55:58,753, INFO ] image[364212] saved to ./incoming/pexels-photo-193038.jpeg
[Thread-13, 2020-04-17 04:55:58,757, INFO ] downloading image at URL https://dl.dropboxusercontent.com/s/m4xjekvqk4rksbx/pexels-photo-247932.jpeg
[Thread-10, 2020-04-17 04:55:58,990, INFO ] image[420808] saved to ./incoming/pexels-photo-193043.jpeg
[Thread-14, 2020-04-17 04:55:58,992, INFO ] downloading image at URL https://dl.dropboxusercontent.com/s/znmswtwhcdbpc10/pexels-photo-265186.jpeg
[Thread-11, 2020-04-17 04:55:59,139, INFO ] image[72124] saved to ./incoming/pexels-photo-207962.jpeg
[Thread-15, 2020-04-17 04:55:59,140, INFO ] downloading image at URL https://dl.dropboxusercontent.com/s/jgb6n4esquhh4gu/pexels-photo-302899.jpeg
[Thread-12, 2020-04-17 04:55:59,192, INFO ] image[184097] saved to ./incoming/pexels-photo-247917.jpeg
[Thread-16, 2020-04-17 04:55:59,193, INFO ] downloading image at URL https://dl.dropboxusercontent.com/s/rjuggi2ubc1b3bk/pexels-photo-317156.jpeg
[Thread-14, 2020-04-17 04:56:01,017, INFO ] image[91450] saved to ./incoming/pexels-photo-265186.jpeg
[Thread-17, 2020-04-17 04:56:01,018, INFO ] downloading image at URL https://dl.dropboxusercontent.com/s/cpaog2nwplilrz9/pexels-photo-317383.jpeg
[Thread-13, 2020-04-17 04:56:01,122, INFO ] image[259934] saved to ./incoming/pexels-photo-247932.jpeg
[Thread-18, 2020-04-17 04:56:01,123, INFO ] downloading image at URL https://dl.dropboxusercontent.com/s/16x2b6ruk18gji5/pexels-photo-320007.jpeg
[Thread-15, 2020-04-17 04:56:01,147, INFO ] image[151442] saved to ./incoming/pexels-photo-302899.jpeg
[Thread-19, 2020-04-17 04:56:01,148, INFO ] downloading image at URL https://dl.dropboxusercontent.com/s/xqzqzjkcwl52en0/pexels-photo-322207.jpeg
[Thread-16, 2020-04-17 04:56:01,326, INFO ] image[233494] saved to ./incoming/pexels-photo-317156.jpeg
[Thread-20, 2020-04-17 04:56:01,328, INFO ] downloading image at URL https://dl.dropboxusercontent.com/s/frclthpd7t8exma/pexels-photo-323503.jpeg
[Thread-18, 2020-04-17 04:56:03,145, INFO ] image[74683] saved to ./incoming/pexels-photo-320007.jpeg
[Thread-21, 2020-04-17 04:56:03,146, INFO ] downloading image at URL https://dl.dropboxusercontent.com/s/7ixez07vnc3jeyg/pexels-photo-324030.jpeg
[Thread-17, 2020-04-17 04:56:04,299, INFO ] image[591633] saved to ./incoming/pexels-photo-317383.jpeg
[Thread-22, 2020-04-17 04:56:04,300, INFO ] downloading image at URL https://dl.dropboxusercontent.com/s/1xlgrfy861nyhox/pexels-photo-324655.jpeg
[Thread-19, 2020-04-17 04:56:04,318, INFO ] image[515517] saved to ./incoming/pexels-photo-322207.jpeg
[Thread-23, 2020-04-17 04:56:04,319, INFO ] downloading image at URL https://dl.dropboxusercontent.com/s/v1b03d940lop05d/pexels-photo-324658.jpeg
[Thread-20, 2020-04-17 04:56:04,378, INFO ] image[177982] saved to ./incoming/pexels-photo-323503.jpeg
[Thread-24, 2020-04-17 04:56:04,379, INFO ] downloading image at URL https://dl.dropboxusercontent.com/s/ehrm5clkucbhvi4/pexels-photo-325520.jpeg
[Thread-21, 2020-04-17 04:56:04,847, INFO ] image[181821] saved to ./incoming/pexels-photo-324030.jpeg
[Thread-25, 2020-04-17 04:56:04,848, INFO ] downloading image at URL https://dl.dropboxusercontent.com/s/l7ga4ea98hfl49b/pexels-photo-333529.jpeg
[Thread-22, 2020-04-17 04:56:06,363, INFO ] image[151399] saved to ./incoming/pexels-photo-324655.jpeg
[Thread-26, 2020-04-17 04:56:06,364, INFO ] downloading image at URL https://dl.dropboxusercontent.com/s/rleff9tx000k19j/pexels-photo-341520.jpeg
[Thread-23, 2020-04-17 04:56:06,474, INFO ] image[263485] saved to ./incoming/pexels-photo-324658.jpeg
[Thread-25, 2020-04-17 04:56:06,515, INFO ] image[116605] saved to ./incoming/pexels-photo-333529.jpeg
[Thread-24, 2020-04-17 04:56:07,045, INFO ] image[180393] saved to ./incoming/pexels-photo-325520.jpeg
[Thread-26, 2020-04-17 04:56:09,019, INFO ] image[276539] saved to ./incoming/pexels-photo-341520.jpeg
[MainThread, 2020-04-17 04:56:09,020, INFO ] downloaded 26 images in 0.09471380000104546 seconds
[MainThread, 2020-04-17 04:56:09,021, INFO ] END make_thumbnails in 16.59256049999931 seconds
